2026-04-27 02:02:49,292 - INFO - Pipeline started.
2026-04-27 02:02:49,292 - INFO - Loading raw CSV files...
2026-04-27 02:02:49,295 - INFO - Raw data loaded successfully.
2026-04-27 02:02:49,295 - INFO - Running raw data validation checks...
2026-04-27 02:02:49,782 - INFO - Validation report saved to: D:\Python Projects\day1\reports\validation_report.txt
2026-04-27 02:02:49,782 - INFO - Cleaning raw data...
2026-04-27 02:02:49,787 - INFO - Data cleaning completed.
2026-04-27 02:02:49,787 - INFO - Saving cleaned data files...
2026-04-27 02:02:49,792 - INFO - Cleaned data files saved successfully.
2026-04-27 02:02:49,792 - INFO - Building sales fact table...
2026-04-27 02:02:49,795 - INFO - Sales fact table created with 610 rows.
2026-04-27 02:02:49,841 - INFO - sales_fact.csv saved successfully.
2026-04-27 02:02:49,841 - INFO - Creating data marts...
2026-04-27 02:02:49,852 - INFO - Data marts saved successfully.
2026-04-27 02:02:49,852 - INFO - Creating charts...
2026-04-27 02:02:50,044 - INFO - Using categorical units to plot a list of strings that are all parsable as floats or dates. If these strings should be plotted as numbers, cast to the appropriate data type before plotting.
2026-04-27 02:02:50,045 - INFO - Using categorical units to plot a list of strings that are all parsable as floats or dates. If these strings should be plotted as numbers, cast to the appropriate data type before plotting.
2026-04-27 02:02:50,453 - INFO - Charts saved successfully.
2026-04-27 02:02:50,453 - INFO - Pipeline finished successfully.
2026-04-27 02:04:11,745 - INFO - Pipeline started.
2026-04-27 02:04:11,745 - INFO - Loading raw CSV files...
2026-04-27 02:04:11,748 - INFO - Raw data loaded successfully.
2026-04-27 02:04:11,748 - INFO - Running raw data validation checks...
2026-04-27 02:04:11,752 - INFO - Validation report saved to: D:\Python Projects\day1\reports\validation_report.txt
2026-04-27 02:04:11,752 - INFO - Cleaning raw data...
2026-04-27 02:04:11,758 - INFO - Data cleaning completed.
2026-04-27 02:04:11,758 - INFO - Saving cleaned data files...
2026-04-27 02:04:11,762 - INFO - Cleaned data files saved successfully.
2026-04-27 02:04:11,762 - INFO - Building sales fact table...
2026-04-27 02:04:11,767 - INFO - Sales fact table created with 610 rows.
2026-04-27 02:04:12,266 - INFO - sales_fact.csv saved successfully.
2026-04-27 02:04:12,266 - INFO - Creating data marts...
2026-04-27 02:04:12,278 - INFO - Data marts saved successfully.
2026-04-27 02:04:12,278 - INFO - Creating charts...
2026-04-27 02:04:12,391 - INFO - Using categorical units to plot a list of strings that are all parsable as floats or dates. If these strings should be plotted as numbers, cast to the appropriate data type before plotting.
2026-04-27 02:04:12,391 - INFO - Using categorical units to plot a list of strings that are all parsable as floats or dates. If these strings should be plotted as numbers, cast to the appropriate data type before plotting.
2026-04-27 02:04:12,813 - INFO - Charts saved successfully.
2026-04-27 02:04:12,813 - INFO - Pipeline finished successfully.
